mode: atomic
github.com/Bhinneka/go-graphql/helper/helper.go:30.60,33.21 2 1
github.com/Bhinneka/go-graphql/helper/helper.go:37.2,43.11 6 1
github.com/Bhinneka/go-graphql/helper/helper.go:33.21,35.3 1 1
github.com/Bhinneka/go-graphql/helper/helper.go:47.38,52.30 4 2
github.com/Bhinneka/go-graphql/helper/helper.go:55.2,55.23 1 2
github.com/Bhinneka/go-graphql/helper/helper.go:52.30,54.3 1 16
github.com/Bhinneka/go-graphql/helper/helper.go:59.44,67.2 4 1
github.com/Bhinneka/go-graphql/helper/helper.go:70.35,73.2 2 1
github.com/Bhinneka/go-graphql/helper/logger.go:17.48,23.2 1 0
github.com/Bhinneka/go-graphql/helper/logger.go:31.73,42.15 2 0
github.com/Bhinneka/go-graphql/helper/logger.go:43.22,44.23 1 0
github.com/Bhinneka/go-graphql/helper/logger.go:45.21,46.22 1 0
github.com/Bhinneka/go-graphql/helper/logger.go:47.21,48.22 1 0
github.com/Bhinneka/go-graphql/helper/logger.go:49.22,50.23 1 0
github.com/Bhinneka/go-graphql/helper/logger.go:51.22,52.23 1 0
github.com/Bhinneka/go-graphql/helper/logger.go:53.22,54.23 1 0
github.com/Bhinneka/go-graphql/helper/validation.go:46.39,47.37 1 0
github.com/Bhinneka/go-graphql/helper/validation.go:50.2,50.13 1 0
github.com/Bhinneka/go-graphql/helper/validation.go:47.37,49.3 1 0
github.com/Bhinneka/go-graphql/helper/validation.go:53.37,54.35 1 0
github.com/Bhinneka/go-graphql/helper/validation.go:57.2,57.13 1 0
github.com/Bhinneka/go-graphql/helper/validation.go:54.35,56.3 1 0
github.com/Bhinneka/go-graphql/helper/validation.go:60.44,61.42 1 0
github.com/Bhinneka/go-graphql/helper/validation.go:64.2,64.13 1 0
github.com/Bhinneka/go-graphql/helper/validation.go:61.42,63.3 1 0
github.com/Bhinneka/go-graphql/helper/validation.go:68.39,69.37 1 0
github.com/Bhinneka/go-graphql/helper/validation.go:72.2,72.13 1 0
github.com/Bhinneka/go-graphql/helper/validation.go:69.37,71.3 1 0
github.com/Bhinneka/go-graphql/helper/validation.go:75.72,77.26 1 0
github.com/Bhinneka/go-graphql/helper/validation.go:82.2,82.29 1 0
github.com/Bhinneka/go-graphql/helper/validation.go:88.2,88.45 1 0
github.com/Bhinneka/go-graphql/helper/validation.go:95.2,95.12 1 0
github.com/Bhinneka/go-graphql/helper/validation.go:77.26,81.3 3 0
github.com/Bhinneka/go-graphql/helper/validation.go:82.29,86.3 3 0
github.com/Bhinneka/go-graphql/helper/validation.go:88.45,90.17 2 0
github.com/Bhinneka/go-graphql/helper/validation.go:90.17,93.4 2 0
github.com/Bhinneka/go-graphql/helper/validation.go:99.71,105.25 4 0
github.com/Bhinneka/go-graphql/helper/validation.go:112.2,113.16 2 0
github.com/Bhinneka/go-graphql/helper/validation.go:119.2,119.118 1 0
github.com/Bhinneka/go-graphql/helper/validation.go:126.2,126.16 1 0
github.com/Bhinneka/go-graphql/helper/validation.go:132.2,134.39 2 0
github.com/Bhinneka/go-graphql/helper/validation.go:140.2,140.20 1 0
github.com/Bhinneka/go-graphql/helper/validation.go:105.25,107.3 1 0
github.com/Bhinneka/go-graphql/helper/validation.go:107.3,109.3 1 0
github.com/Bhinneka/go-graphql/helper/validation.go:113.16,117.3 3 0
github.com/Bhinneka/go-graphql/helper/validation.go:119.118,120.57 1 0
github.com/Bhinneka/go-graphql/helper/validation.go:123.3,123.24 1 0
github.com/Bhinneka/go-graphql/helper/validation.go:120.57,122.4 1 0
github.com/Bhinneka/go-graphql/helper/validation.go:126.16,130.3 3 0
github.com/Bhinneka/go-graphql/helper/validation.go:134.39,138.3 3 0
github.com/Bhinneka/go-graphql/helper/validation.go:144.46,150.35 4 0
github.com/Bhinneka/go-graphql/helper/validation.go:156.2,156.29 1 0
github.com/Bhinneka/go-graphql/helper/validation.go:150.35,154.3 3 0
github.com/Bhinneka/go-graphql/helper/validation.go:156.29,158.3 1 0
github.com/Bhinneka/go-graphql/helper/validation.go:158.3,158.36 1 0
github.com/Bhinneka/go-graphql/helper/validation.go:158.36,160.3 1 0
github.com/Bhinneka/go-graphql/helper/validation.go:160.3,162.3 1 0
github.com/Bhinneka/go-graphql/helper/validation.go:165.62,168.16 3 0
github.com/Bhinneka/go-graphql/helper/validation.go:179.2,179.12 1 0
github.com/Bhinneka/go-graphql/helper/validation.go:168.16,172.3 3 0
github.com/Bhinneka/go-graphql/helper/validation.go:183.49,185.24 2 0
github.com/Bhinneka/go-graphql/helper/validation.go:197.2,197.16 1 0
github.com/Bhinneka/go-graphql/helper/validation.go:200.2,200.55 1 0
github.com/Bhinneka/go-graphql/helper/validation.go:185.24,186.25 1 0
github.com/Bhinneka/go-graphql/helper/validation.go:186.25,188.4 1 0
github.com/Bhinneka/go-graphql/helper/validation.go:188.4,188.33 1 0
github.com/Bhinneka/go-graphql/helper/validation.go:188.33,190.4 1 0
github.com/Bhinneka/go-graphql/helper/validation.go:190.4,190.21 1 0
github.com/Bhinneka/go-graphql/helper/validation.go:190.21,192.4 1 0
github.com/Bhinneka/go-graphql/helper/validation.go:192.4,194.4 1 0
github.com/Bhinneka/go-graphql/helper/validation.go:197.16,199.3 1 0
