mode: atomic
github.com/Bhinneka/go-graphql/helper/helper.go:49.116,51.16 2 0
github.com/Bhinneka/go-graphql/helper/helper.go:56.2,56.33 1 0
github.com/Bhinneka/go-graphql/helper/helper.go:62.2,64.16 3 0
github.com/Bhinneka/go-graphql/helper/helper.go:67.2,70.14 3 0
github.com/Bhinneka/go-graphql/helper/helper.go:74.2,74.12 1 0
github.com/Bhinneka/go-graphql/helper/helper.go:51.16,53.3 1 0
github.com/Bhinneka/go-graphql/helper/helper.go:56.33,57.34 1 0
github.com/Bhinneka/go-graphql/helper/helper.go:57.34,59.4 1 0
github.com/Bhinneka/go-graphql/helper/helper.go:64.16,66.3 1 0
github.com/Bhinneka/go-graphql/helper/helper.go:70.14,72.3 1 0
github.com/Bhinneka/go-graphql/helper/helper.go:78.141,80.16 2 0
github.com/Bhinneka/go-graphql/helper/helper.go:85.2,85.33 1 0
github.com/Bhinneka/go-graphql/helper/helper.go:91.2,94.16 4 0
github.com/Bhinneka/go-graphql/helper/helper.go:97.2,100.14 3 0
github.com/Bhinneka/go-graphql/helper/helper.go:104.2,104.12 1 0
github.com/Bhinneka/go-graphql/helper/helper.go:80.16,82.3 1 0
github.com/Bhinneka/go-graphql/helper/helper.go:85.33,86.34 1 0
github.com/Bhinneka/go-graphql/helper/helper.go:86.34,88.4 1 0
github.com/Bhinneka/go-graphql/helper/helper.go:94.16,96.3 1 0
github.com/Bhinneka/go-graphql/helper/helper.go:100.14,102.3 1 0
github.com/Bhinneka/go-graphql/helper/helper.go:108.60,111.21 2 1
github.com/Bhinneka/go-graphql/helper/helper.go:115.2,121.11 6 1
github.com/Bhinneka/go-graphql/helper/helper.go:111.21,113.3 1 1
github.com/Bhinneka/go-graphql/helper/helper.go:125.38,130.30 4 2
github.com/Bhinneka/go-graphql/helper/helper.go:133.2,133.23 1 2
github.com/Bhinneka/go-graphql/helper/helper.go:130.30,132.3 1 16
github.com/Bhinneka/go-graphql/helper/helper.go:137.44,141.16 3 1
github.com/Bhinneka/go-graphql/helper/helper.go:144.2,147.16 3 1
github.com/Bhinneka/go-graphql/helper/helper.go:151.2,151.37 1 1
github.com/Bhinneka/go-graphql/helper/helper.go:141.16,143.3 1 0
github.com/Bhinneka/go-graphql/helper/helper.go:147.16,149.3 1 0
github.com/Bhinneka/go-graphql/helper/helper.go:155.35,158.2 2 1
github.com/Bhinneka/go-graphql/helper/helper.go:163.52,164.25 1 2
github.com/Bhinneka/go-graphql/helper/helper.go:169.2,169.14 1 1
github.com/Bhinneka/go-graphql/helper/helper.go:164.25,165.15 1 4
github.com/Bhinneka/go-graphql/helper/helper.go:165.15,167.4 1 1
github.com/Bhinneka/go-graphql/helper/helper.go:173.41,174.21 1 0
github.com/Bhinneka/go-graphql/helper/helper.go:178.2,180.33 2 0
github.com/Bhinneka/go-graphql/helper/helper.go:174.21,176.3 1 0
github.com/Bhinneka/go-graphql/helper/helper.go:185.49,191.26 4 0
github.com/Bhinneka/go-graphql/helper/helper.go:199.2,202.33 3 0
github.com/Bhinneka/go-graphql/helper/helper.go:191.26,193.3 1 0
github.com/Bhinneka/go-graphql/helper/helper.go:193.3,193.38 1 0
github.com/Bhinneka/go-graphql/helper/helper.go:193.38,195.3 1 0
github.com/Bhinneka/go-graphql/helper/helper.go:195.3,197.3 1 0
github.com/Bhinneka/go-graphql/helper/helper.go:206.47,224.2 12 0
